
***************** cartola_files.sh [2015-07-11 16:57:45] *****************
[+] Running from host: pedro-NOTE (creating tunnel)
[+] Connection working [pedro-NOTE <---> MYHOST]
[+] Checking files
[+] Fetching information from DB
[+] Processing files
[+] Generating CSV (round10.csv)
[+] Generating SQL (round10.sql)
[*] -----> Statistics <-----
[*] Detected round: 10
[*] Detected date: 2015-07-04
[*] Detected teams: 0
[*] Detected players: 25
[*] Detected scouts: 225
[*] Detected matches: 10
[*] Detected statistics: 218
***************** cartola_files.sh [2015-07-11 16:58:17] *****************

***************** cartola_db.sh [2015-07-11 17:00:06] *****************
[+] LOG: ../log/round10.log
[+] SQL: ../output/round10.sql
[+] TYPE: player
[+] LINES: 25
[+] Connection working [pedro-NOTE <---> MYHOST]
[+] Starting...
Warning: Using a password on the command line interface can be insecure.
[+] Data has been inserted successfully
***************** cartola_db.sh [2015-07-11 17:00:28] *****************

***************** cartola_files.sh [2015-07-11 17:06:37] *****************
[+] Running from host: pedro-NOTE (tunnel is running)
[+] Connection working [pedro-NOTE <---> MYHOST]
[+] Checking files
[+] Fetching information from DB
[+] Processing files
[+] Generating CSV (round10.csv)
[+] Generating SQL (round10.sql)
[*] -----> Statistics <-----
[*] Detected round: 10
[*] Detected date: 2015-07-04
[*] Detected teams: 0
[*] Detected players: 0
[*] Detected scouts: 225
[*] Detected matches: 10
[*] Detected statistics: 225
***************** cartola_files.sh [2015-07-11 17:06:59] *****************

***************** cartola_db.sh [2015-07-11 17:42:41] *****************
[+] LOG: ../log/round10.log
[+] SQL: ../output/round10.sql
[+] TYPE: round
[+] LINES: 225
[+] Connection working [pedro-NOTE <---> MYHOST]
[+] Starting...
Warning: Using a password on the command line interface can be insecure.
[+] Data has been inserted successfully
***************** cartola_db.sh [2015-07-11 17:44:00] *****************

***************** cartola_db.sh [2015-07-11 17:45:08] *****************
[+] LOG: ../log/round10.log
[+] SQL: ../output/round10.sql
[+] TYPE: stat
[+] LINES: 225
[+] Connection working [pedro-NOTE <---> MYHOST]
[+] Starting...
Warning: Using a password on the command line interface can be insecure.
[+] Data has been inserted successfully
***************** cartola_db.sh [2015-07-11 17:46:35] *****************
